ERROR 2025-07-22 13:25:17,968 NE_RS_UNBLDRE: Unable to load application resource file /assets/index-82e548cd.js api\debug\debug.cpp:20 James@DESKTOP-365I61F
ERROR 2025-07-22 13:25:17,969 NE_RS_UNBLDRE: Unable to load application resource file /assets/index-370b75c3.css api\debug\debug.cpp:20 James@DESKTOP-365I61F
ERROR 2025-07-22 13:25:18,013 NE_RS_UNBLDRE: Unable to load application resource file /favicon.ico api\debug\debug.cpp:20 James@DESKTOP-365I61F
ERROR 2025-07-22 13:32:39,605 NE_RS_UNBLDRE: Unable to load application resource file /dist/favicon.ico api\debug\debug.cpp:20 James@DESKTOP-365I61F
ERROR 2025-07-22 14:27:52,302 NE_RS_UNBLDRE: Unable to load application resource file /dist/favicon.ico api\debug\debug.cpp:20 James@DESKTOP-365I61F
ERROR 2025-07-22 14:41:11,113 NE_RS_UNBLDRE: Unable to load application resource file /dist/favicon.ico api\debug\debug.cpp:20 James@DESKTOP-365I61F
ERROR 2025-07-22 14:42:46,643 NE_RS_UNBLDRE: Unable to load application resource file /dist/favicon.ico api\debug\debug.cpp:20 James@DESKTOP-365I61F
ERROR 2025-07-22 14:46:14,492 NE_RS_UNBLDRE: Unable to load application resource file /dist/favicon.ico api\debug\debug.cpp:20 James@DESKTOP-365I61F
ERROR 2025-07-22 15:01:28,878 NE_RS_UNBLDRE: Unable to load application resource file /dist/favicon.ico api\debug\debug.cpp:20 James@DESKTOP-365I61F
ERROR 2025-07-22 15:02:19,969 NE_RS_UNBLDRE: Unable to load application resource file /dist/favicon.ico api\debug\debug.cpp:20 James@DESKTOP-365I61F
ERROR 2025-07-22 16:46:12,915 NE_RS_UNBLDRE: Unable to load application resource file /dist/favicon.ico api\debug\debug.cpp:20 James@DESKTOP-365I61F
ERROR 2025-07-23 09:58:20,929 NE_RS_UNBLDRE: Unable to load application resource file /dist/favicon.ico api\debug\debug.cpp:20 James@DESKTOP-365I61F
ERROR 2025-07-24 09:59:13,871 NE_RS_UNBLDRE: Unable to load application resource file /dist/favicon.ico api\debug\debug.cpp:20 James@DESKTOP-365I61F
ERROR 2025-07-24 09:59:45,311 NE_RS_UNBLDRE: Unable to load application resource file /dist/favicon.ico api\debug\debug.cpp:20 James@DESKTOP-365I61F
ERROR 2025-07-24 10:02:46,918 NE_RS_UNBLDRE: Unable to load application resource file /dist/favicon.ico api\debug\debug.cpp:20 James@DESKTOP-365I61F
ERROR 2025-07-24 10:04:33,896 NE_RS_UNBLDRE: Unable to load application resource file /dist/favicon.ico api\debug\debug.cpp:20 James@DESKTOP-365I61F
ERROR 2025-07-24 10:19:36,225 NE_RS_UNBLDRE: Unable to load application resource file /dist/favicon.ico api\debug\debug.cpp:20 James@DESKTOP-365I61F
ERROR 2025-07-24 10:58:22,186 NE_RS_UNBLDRE: Unable to load application resource file /dist/favicon.ico api\debug\debug.cpp:20 James@DESKTOP-365I61F
ERROR 2025-07-24 11:14:07,015 NE_RS_UNBLDRE: Unable to load application resource file /dist/favicon.ico api\debug\debug.cpp:20 James@DESKTOP-365I61F
ERROR 2025-07-24 14:01:26,567 NE_RS_UNBLDRE: Unable to load application resource file /dist/favicon.ico api\debug\debug.cpp:20 James@DESKTOP-365I61F
ERROR 2025-07-24 14:08:35,881 NE_RS_UNBLDRE: Unable to load application resource file /dist/favicon.ico api\debug\debug.cpp:20 James@DESKTOP-365I61F
ERROR 2025-07-25 09:59:17,731 NE_RS_UNBLDRE: Unable to load application resource file /dist/favicon.ico api\debug\debug.cpp:20 James@DESKTOP-365I61F
ERROR 2025-07-25 09:59:17,743 NE_RS_UNBLDRE: Unable to load application resource file /dist/favicon.ico api\debug\debug.cpp:20 James@DESKTOP-365I61F
ERROR 2025-07-25 21:44:02,329 NE_RS_UNBLDRE: Unable to load application resource file /dist/favicon.ico api\debug\debug.cpp:20 James@DESKTOP-365I61F
ERROR 2025-07-26 22:16:43,157 NE_RS_UNBLDRE: Unable to load application resource file /dist/favicon.ico api\debug\debug.cpp:20 James@DESKTOP-365I61F
ERROR 2025-07-26 22:23:27,449 NE_RS_UNBLDRE: Unable to load application resource file /dist/favicon.ico api\debug\debug.cpp:20 James@DESKTOP-365I61F
ERROR 2025-07-30 16:22:23,052 NE_RS_UNBLDRE: Unable to load application resource file /dist/favicon.ico api\debug\debug.cpp:20 James@DESKTOP-365I61F
ERROR 2025-08-02 08:21:59,843 NE_RS_UNBLDRE: Unable to load application resource file /dist/favicon.ico api\debug\debug.cpp:20 James@DESKTOP-365I61F
ERROR 2025-08-03 09:12:12,499 NE_RS_UNBLDRE: Unable to load application resource file /dist/favicon.ico api\debug\debug.cpp:20 James@DESKTOP-365I61F
ERROR 2025-08-04 09:31:31,792 NE_RS_UNBLDRE: Unable to load application resource file /dist/favicon.ico api\debug\debug.cpp:20 James@DESKTOP-365I61F
ERROR 2025-08-05 09:28:13,084 NE_RS_UNBLDRE: Unable to load application resource file /dist/favicon.ico api\debug\debug.cpp:20 James@DESKTOP-365I61F
ERROR 2025-08-07 09:29:13,134 NE_RS_UNBLDRE: Unable to load application resource file /dist/favicon.ico api\debug\debug.cpp:20 James@DESKTOP-365I61F
ERROR 2025-08-07 16:36:46,105 NE_RS_UNBLDRE: Unable to load application resource file /dist/favicon.ico api\debug\debug.cpp:20 James@DESKTOP-365I61F
ERROR 2025-08-08 09:30:55,977 NE_RS_UNBLDRE: Unable to load application resource file /dist/favicon.ico api\debug\debug.cpp:20 James@DESKTOP-365I61F
ERROR 2025-08-08 11:56:29,263 NE_RS_UNBLDRE: Unable to load application resource file /dist/favicon.ico api\debug\debug.cpp:20 James@DESKTOP-365I61F
ERROR 2025-08-08 12:09:05,811 NE_RS_UNBLDRE: Unable to load application resource file /dist/favicon.ico api\debug\debug.cpp:20 James@DESKTOP-365I61F
ERROR 2025-08-08 12:20:39,738 NE_RS_UNBLDRE: Unable to load application resource file /dist/favicon.ico api\debug\debug.cpp:20 James@DESKTOP-365I61F
ERROR 2025-08-08 12:27:08,607 NE_RS_UNBLDRE: Unable to load application resource file /dist/favicon.ico api\debug\debug.cpp:20 James@DESKTOP-365I61F
ERROR 2025-08-08 14:01:55,789 NE_RS_UNBLDRE: Unable to load application resource file /dist/favicon.ico api\debug\debug.cpp:20 James@DESKTOP-365I61F
ERROR 2025-08-08 14:04:02,315 NE_RS_UNBLDRE: Unable to load application resource file /dist/favicon.ico api\debug\debug.cpp:20 James@DESKTOP-365I61F
ERROR 2025-08-08 14:09:53,495 NE_RS_UNBLDRE: Unable to load application resource file /dist/favicon.ico api\debug\debug.cpp:20 James@DESKTOP-365I61F
ERROR 2025-08-08 14:14:46,386 NE_RS_UNBLDRE: Unable to load application resource file /dist/favicon.ico api\debug\debug.cpp:20 James@DESKTOP-365I61F
ERROR 2025-08-08 14:15:26,922 NE_RS_UNBLDRE: Unable to load application resource file /dist/favicon.ico api\debug\debug.cpp:20 James@DESKTOP-365I61F
ERROR 2025-08-08 14:40:27,426 NE_RS_UNBLDRE: Unable to load application resource file /dist/favicon.ico api\debug\debug.cpp:20 James@DESKTOP-365I61F
ERROR 2025-08-08 15:04:41,065 NE_RS_UNBLDRE: Unable to load application resource file /dist/favicon.ico api\debug\debug.cpp:20 James@DESKTOP-365I61F
ERROR 2025-08-08 15:22:54,346 NE_RS_UNBLDRE: Unable to load application resource file /dist/favicon.ico api\debug\debug.cpp:20 James@DESKTOP-365I61F
ERROR 2025-08-08 22:41:30,376 NE_RS_UNBLDRE: Unable to load application resource file /dist/favicon.ico api\debug\debug.cpp:20 James@DESKTOP-365I61F
ERROR 2025-08-08 22:46:04,623 NE_RS_UNBLDRE: Unable to load application resource file /dist/favicon.ico api\debug\debug.cpp:20 James@DESKTOP-365I61F
ERROR 2025-08-08 22:49:07,161 NE_RS_UNBLDRE: Unable to load application resource file /dist/favicon.ico api\debug\debug.cpp:20 James@DESKTOP-365I61F
ERROR 2025-08-08 22:50:11,457 NE_RS_UNBLDRE: Unable to load application resource file /dist/favicon.ico api\debug\debug.cpp:20 James@DESKTOP-365I61F
ERROR 2025-08-08 22:50:55,261 NE_RS_UNBLDRE: Unable to load application resource file /dist/favicon.ico api\debug\debug.cpp:20 James@DESKTOP-365I61F
ERROR 2025-08-09 09:26:31,764 NE_RS_UNBLDRE: Unable to load application resource file /dist/favicon.ico api\debug\debug.cpp:20 James@DESKTOP-365I61F
ERROR 2025-08-09 20:11:24,239 NE_RS_UNBLDRE: Unable to load application resource file /dist/favicon.ico api\debug\debug.cpp:20 James@DESKTOP-365I61F
ERROR 2025-08-12 20:03:31,367 NE_RS_UNBLDRE: Unable to load application resource file /dist/favicon.ico api\debug\debug.cpp:20 James@DESKTOP-365I61F
ERROR 2025-08-13 08:40:40,378 NE_RS_UNBLDRE: Unable to load application resource file /dist/favicon.ico api\debug\debug.cpp:20 James@DESKTOP-365I61F
ERROR 2025-08-13 21:30:58,973 NE_RS_UNBLDRE: Unable to load application resource file /dist/favicon.ico api\debug\debug.cpp:20 James@DESKTOP-365I61F
ERROR 2025-08-13 21:37:32,583 NE_RS_UNBLDRE: Unable to load application resource file /dist/favicon.ico api\debug\debug.cpp:20 James@DESKTOP-365I61F
ERROR 2025-08-13 21:38:04,160 NE_RS_UNBLDRE: Unable to load application resource file /dist/favicon.ico api\debug\debug.cpp:20 James@DESKTOP-365I61F
ERROR 2025-08-13 21:39:38,047 NE_RS_UNBLDRE: Unable to load application resource file /dist/favicon.ico api\debug\debug.cpp:20 James@DESKTOP-365I61F
ERROR 2025-08-13 21:48:29,431 NE_RS_UNBLDRE: Unable to load application resource file /dist/favicon.ico api\debug\debug.cpp:20 James@DESKTOP-365I61F
ERROR 2025-08-13 21:58:25,421 NE_RS_UNBLDRE: Unable to load application resource file /dist/favicon.ico api\debug\debug.cpp:20 James@DESKTOP-365I61F
ERROR 2025-08-14 20:57:44,261 NE_RS_UNBLDRE: Unable to load application resource file /dist/favicon.ico api\debug\debug.cpp:20 James@DESKTOP-365I61F
ERROR 2025-08-15 08:57:21,943 NE_RS_UNBLDRE: Unable to load application resource file /dist/favicon.ico api\debug\debug.cpp:20 James@DESKTOP-365I61F
ERROR 2025-08-16 19:02:24,722 NE_RS_UNBLDRE: Unable to load application resource file /dist/favicon.ico api\debug\debug.cpp:20 James@DESKTOP-365I61F
ERROR 2025-08-18 13:28:34,682 NE_RS_UNBLDRE: Unable to load application resource file /dist/favicon.ico api\debug\debug.cpp:20 jdcar@DESKTOP-3N1GINM
ERROR 2025-08-19 11:27:42,245 NE_RS_UNBLDRE: Unable to load application resource file /dist/favicon.ico api\debug\debug.cpp:20 jdcar@DESKTOP-3N1GINM
